[0713/112543.194:ERROR:process_memory_win.cc(73)] ReadMemory at 0x7ff7188a0000 of 64 bytes failed: Only part of a ReadProcessMemory or WriteProcessMemory request was completed. (0x12B)
[0713/112543.365:WARNING:pe_image_reader.cc(340)] could not read dos header from C:\Program Files (x86)\Google\Chrome\Application\chrome.exe
[0713/112543.366:ERROR:process_memory_win.cc(73)] ReadMemory at 0x7ffc04950000 of 64 bytes failed: Only part of a ReadProcessMemory or WriteProcessMemory request was completed. (0x12B)
[0713/112543.366:WARNING:pe_image_reader.cc(340)] could not read dos header from C:\WINDOWS\SYSTEM32\ntdll.dll
[0713/112543.366:ERROR:process_memory_win.cc(73)] ReadMemory at 0x7ffc04340000 of 64 bytes failed: Only part of a ReadProcessMemory or WriteProcessMemory request was completed. (0x12B)
[0713/112543.366:WARNING:pe_image_reader.cc(340)] could not read dos header from C:\WINDOWS\System32\KERNEL32.DLL
[0713/112543.366:ERROR:process_memory_win.cc(73)] ReadMemory at 0x7ffc01150000 of 64 bytes failed: Only part of a ReadProcessMemory or WriteProcessMemory request was completed. (0x12B)
[0713/112543.366:WARNING:pe_image_reader.cc(340)] could not read dos header from C:\WINDOWS\System32\KERNELBASE.dll
[0713/112543.366:ERROR:process_memory_win.cc(73)] ReadMemory at 0x7ffc025b0000 of 64 bytes failed: Only part of a ReadProcessMemory or WriteProcessMemory request was completed. (0x12B)
[0713/112543.366:WARNING:pe_image_reader.cc(340)] could not read dos header from C:\WINDOWS\System32\SHELL32.dll
[0713/112543.366:ERROR:process_memory_win.cc(73)] ReadMemory at 0x7ffc02220000 of 64 bytes failed: Only part of a ReadProcessMemory or WriteProcessMemory request was completed. (0x12B)
[0713/112543.366:WARNING:pe_image_reader.cc(340)] could not read dos header from C:\WINDOWS\System32\msvcrt.dll
[0713/112543.366:ERROR:process_memory_win.cc(73)] ReadMemory at 0x7ffc01b10000 of 64 bytes failed: Only part of a ReadProcessMemory or WriteProcessMemory request was completed. (0x12B)
[0713/112543.366:WARNING:pe_image_reader.cc(340)] could not read dos header from C:\WINDOWS\System32\cfgmgr32.dll
[0713/112543.366:ERROR:process_memory_win.cc(73)] ReadMemory at 0x7ffc01430000 of 64 bytes failed: Only part of a ReadProcessMemory or WriteProcessMemory request was completed. (0x12B)
[0713/112543.366:WARNING:pe_image_reader.cc(340)] could not read dos header from C:\WINDOWS\System32\windows.storage.dll
[0713/112543.366:ERROR:process_memory_win.cc(73)] ReadMemory at 0x7ffc03d20000 of 64 bytes failed: Only part of a ReadProcessMemory or WriteProcessMemory request was completed. (0x12B)
[0713/112543.366:WARNING:pe_image_reader.cc(340)] could not read dos header from C:\WINDOWS\System32\combase.dll
[0713/112543.366:ERROR:process_memory_win.cc(73)] ReadMemory at 0x7ffc00e20000 of 64 bytes failed: Only part of a ReadProcessMemory or WriteProcessMemory request was completed. (0x12B)
[0713/112543.366:WARNING:pe_image_reader.cc(340)] could not read dos header from C:\WINDOWS\System32\ucrtbase.dll
[0713/112543.366:ERROR:process_memory_win.cc(73)] ReadMemory at 0x7ffc04210000 of 64 bytes failed: Only part of a ReadProcessMemory or WriteProcessMemory request was completed. (0x12B)
[0713/112543.366:WARNING:pe_image_reader.cc(340)] could not read dos header from C:\WINDOWS\System32\RPCRT4.dll
[0713/112543.366:ERROR:process_memory_win.cc(73)] ReadMemory at 0x7ffc00f20000 of 64 bytes failed: Only part of a ReadProcessMemory or WriteProcessMemory request was completed. (0x12B)
[0713/112543.366:WARNING:pe_image_reader.cc(340)] could not read dos header from C:\WINDOWS\System32\bcryptPrimitives.dll
[0713/112543.366:ERROR:process_memory_win.cc(73)] ReadMemory at 0x7ffc00dd0000 of 64 bytes failed: Only part of a ReadProcessMemory or WriteProcessMemory request was completed. (0x12B)
[0713/112543.366:WARNING:pe_image_reader.cc(340)] could not read dos header from C:\WINDOWS\System32\powrprof.dll
[0713/112543.366:ERROR:process_memory_win.cc(73)] ReadMemory at 0x7ffc02390000 of 64 bytes failed: Only part of a ReadProcessMemory or WriteProcessMemory request was completed. (0x12B)
[0713/112543.366:WARNING:pe_image_reader.cc(340)] could not read dos header from C:\WINDOWS\System32\advapi32.dll
[0713/112543.366:ERROR:process_memory_win.cc(73)] ReadMemory at 0x7ffc03ac0000 of 64 bytes failed: Only part of a ReadProcessMemory or WriteProcessMemory request was completed. (0x12B)
[0713/112543.366:WARNING:pe_image_reader.cc(340)] could not read dos header from C:\WINDOWS\System32\sechost.dll
[0713/112543.366:ERROR:process_memory_win.cc(73)] ReadMemory at 0x7ffc01fc0000 of 64 bytes failed: Only part of a ReadProcessMemory or WriteProcessMemory request was completed. (0x12B)
[0713/112543.366:WARNING:pe_image_reader.cc(340)] could not read dos header from C:\WINDOWS\System32\shlwapi.dll
[0713/112543.366:ERROR:process_memory_win.cc(73)] ReadMemory at 0x7ffc04840000 of 64 bytes failed: Only part of a ReadProcessMemory or WriteProcessMemory request was completed. (0x12B)
[0713/112543.366:WARNING:pe_image_reader.cc(340)] could not read dos header from C:\WINDOWS\System32\GDI32.dll
[0713/112543.366:ERROR:process_memory_win.cc(73)] ReadMemory at 0x7ffc01b60000 of 64 bytes failed: Only part of a ReadProcessMemory or WriteProcessMemory request was completed. (0x12B)
[0713/112543.366:WARNING:pe_image_reader.cc(340)] could not read dos header from C:\WINDOWS\System32\gdi32full.dll
[0713/112543.366:ERROR:process_memory_win.cc(73)] ReadMemory at 0x7ffc03b20000 of 64 bytes failed: Only part of a ReadProcessMemory or WriteProcessMemory request was completed. (0x12B)
[0713/112543.366:WARNING:pe_image_reader.cc(340)] could not read dos header from C:\WINDOWS\System32\USER32.dll
[0713/112543.366:ERROR:process_memory_win.cc(73)] ReadMemory at 0x7ffc01410000 of 64 bytes failed: Only part of a ReadProcessMemory or WriteProcessMemory request was completed. (0x12B)
[0713/112543.366:WARNING:pe_image_reader.cc(340)] could not read dos header from C:\WINDOWS\System32\win32u.dll
[0713/112543.366:ERROR:process_memory_win.cc(73)] ReadMemory at 0x7ffc00db0000 of 64 bytes failed: Only part of a ReadProcessMemory or WriteProcessMemory request was completed. (0x12B)
[0713/112543.366:WARNING:pe_image_reader.cc(340)] could not read dos header from C:\WINDOWS\System32\kernel.appcore.dll
[0713/112543.366:ERROR:process_memory_win.cc(73)] ReadMemory at 0x7ffc00f90000 of 64 bytes failed: Only part of a ReadProcessMemory or WriteProcessMemory request was completed. (0x12B)
[0713/112543.366:WARNING:pe_image_reader.cc(340)] could not read dos header from C:\WINDOWS\System32\shcore.dll
[0713/112543.366:ERROR:process_memory_win.cc(73)] ReadMemory at 0x7ffc00d90000 of 64 bytes failed: Only part of a ReadProcessMemory or WriteProcessMemory request was completed. (0x12B)
[0713/112543.366:WARNING:pe_image_reader.cc(340)] could not read dos header from C:\WINDOWS\System32\profapi.dll
[0713/112543.366:ERROR:process_memory_win.cc(73)] ReadMemory at 0x7ffbd5560000 of 64 bytes failed: Only part of a ReadProcessMemory or WriteProcessMemory request was completed. (0x12B)
[0713/112543.367:WARNING:pe_image_reader.cc(340)] could not read dos header from C:\Program Files (x86)\Google\Chrome\Application\75.0.3770.100\chrome_elf.dll
[0713/112543.367:ERROR:process_memory_win.cc(73)] ReadMemory at 0x7ffbf3320000 of 64 bytes failed: Only part of a ReadProcessMemory or WriteProcessMemory request was completed. (0x12B)
[0713/112543.367:WARNING:pe_image_reader.cc(340)] could not read dos header from C:\WINDOWS\SYSTEM32\VERSION.dll
[0713/112543.367:ERROR:process_memory_win.cc(73)] ReadMemory at 0x7ffbfeca0000 of 64 bytes failed: Only part of a ReadProcessMemory or WriteProcessMemory request was completed. (0x12B)
[0713/112543.367:WARNING:pe_image_reader.cc(340)] could not read dos header from C:\WINDOWS\SYSTEM32\WINMM.dll
[0713/112543.367:ERROR:process_memory_win.cc(73)] ReadMemory at 0x7ffc004e0000 of 64 bytes failed: Only part of a ReadProcessMemory or WriteProcessMemory request was completed. (0x12B)
[0713/112543.367:WARNING:pe_image_reader.cc(340)] could not read dos header from C:\WINDOWS\SYSTEM32\USERENV.dll
[0713/112543.367:ERROR:process_memory_win.cc(73)] ReadMemory at 0x7ffbfec40000 of 64 bytes failed: Only part of a ReadProcessMemory or WriteProcessMemory request was completed. (0x12B)
[0713/112543.367:WARNING:pe_image_reader.cc(340)] could not read dos header from C:\WINDOWS\SYSTEM32\WINMMBASE.dll
[0713/112543.367:ERROR:process_memory_win.cc(73)] ReadMemory at 0x7ffc00cc0000 of 64 bytes failed: Only part of a ReadProcessMemory or WriteProcessMemory request was completed. (0x12B)
[0713/112543.367:WARNING:pe_image_reader.cc(340)] could not read dos header from C:\WINDOWS\SYSTEM32\CRYPTBASE.DLL
[0713/112543.367:ERROR:process_memory_win.cc(73)] ReadMemory at 0x7ffc03cf0000 of 64 bytes failed: Only part of a ReadProcessMemory or WriteProcessMemory request was completed. (0x12B)
[0713/112543.367:WARNING:pe_image_reader.cc(340)] could not read dos header from C:\WINDOWS\System32\IMM32.DLL
[0713/112543.367:ERROR:process_memory_win.cc(73)] ReadMemory at 0x7ffbaa7d0000 of 64 bytes failed: Only part of a ReadProcessMemory or WriteProcessMemory request was completed. (0x12B)
[0713/112543.367:WARNING:pe_image_reader.cc(340)] could not read dos header from C:\Program Files (x86)\Google\Chrome\Application\75.0.3770.100\chrome_child.dll
[0713/112543.367:ERROR:process_memory_win.cc(73)] ReadMemory at 0x7ffc03ff0000 of 64 bytes failed: Only part of a ReadProcessMemory or WriteProcessMemory request was completed. (0x12B)
[0713/112543.367:WARNING:pe_image_reader.cc(340)] could not read dos header from C:\WINDOWS\System32\WS2_32.dll
[0713/112543.367:ERROR:process_memory_win.cc(73)] ReadMemory at 0x7ffc020e0000 of 64 bytes failed: Only part of a ReadProcessMemory or WriteProcessMemory request was completed. (0x12B)
[0713/112543.367:WARNING:pe_image_reader.cc(340)] could not read dos header from C:\WINDOWS\System32\ole32.dll
[0713/112543.367:ERROR:process_memory_win.cc(73)] ReadMemory at 0x7ffc02020000 of 64 bytes failed: Only part of a ReadProcessMemory or WriteProcessMemory request was completed. (0x12B)
[0713/112543.367:WARNING:pe_image_reader.cc(340)] could not read dos header from C:\WINDOWS\System32\OLEAUT32.dll
[0713/112543.367:ERROR:process_memory_win.cc(73)] ReadMemory at 0x7ffc01370000 of 64 bytes failed: Only part of a ReadProcessMemory or WriteProcessMemory request was completed. (0x12B)
[0713/112543.367:WARNING:pe_image_reader.cc(340)] could not read dos header from C:\WINDOWS\System32\msvcp_win.dll
[0713/112543.367:ERROR:process_memory_win.cc(73)] ReadMemory at 0x7ffc010f0000 of 64 bytes failed: Only part of a ReadProcessMemory or WriteProcessMemory request was completed. (0x12B)
[0713/112543.367:WARNING:pe_image_reader.cc(340)] could not read dos header from C:\WINDOWS\System32\WINTRUST.dll
[0713/112543.367:ERROR:process_memory_win.cc(73)] ReadMemory at 0x7ffc00dc0000 of 64 bytes failed: Only part of a ReadProcessMemory or WriteProcessMemory request was completed. (0x12B)
[0713/112543.367:WARNING:pe_image_reader.cc(340)] could not read dos header from C:\WINDOWS\System32\MSASN1.dll
[0713/112543.367:ERROR:process_memory_win.cc(73)] ReadMemory at 0x7ffc01ce0000 of 64 bytes failed: Only part of a ReadProcessMemory or WriteProcessMemory request was completed. (0x12B)
[0713/112543.367:WARNING:pe_image_reader.cc(340)] could not read dos header from C:\WINDOWS\System32\CRYPT32.dll
[0713/112543.367:ERROR:process_memory_win.cc(73)] ReadMemory at 0x7ffc01eb0000 of 64 bytes failed: Only part of a ReadProcessMemory or WriteProcessMemory request was completed. (0x12B)
[0713/112543.367:WARNING:pe_image_reader.cc(340)] could not read dos header from C:\WINDOWS\System32\COMDLG32.dll
[0713/112543.367:ERROR:process_memory_win.cc(73)] ReadMemory at 0x7ffc003e0000 of 64 bytes failed: Only part of a ReadProcessMemory or WriteProcessMemory request was completed. (0x12B)
[0713/112543.367:WARNING:pe_image_reader.cc(340)] could not read dos header from C:\WINDOWS\SYSTEM32\IPHLPAPI.DLL
[0713/112543.367:ERROR:process_memory_win.cc(73)] ReadMemory at 0x7ffbf5cd0000 of 64 bytes failed: Only part of a ReadProcessMemory or WriteProcessMemory request was completed. (0x12B)
[0713/112543.367:WARNING:pe_image_reader.cc(340)] could not read dos header from C:\WINDOWS\SYSTEM32\OLEACC.dll
[0713/112543.367:ERROR:process_memory_win.cc(73)] ReadMemory at 0x7ffbd7de0000 of 64 bytes failed: Only part of a ReadProcessMemory or WriteProcessMemory request was completed. (0x12B)
[0713/112543.367:WARNING:pe_image_reader.cc(340)] could not read dos header from C:\WINDOWS\SYSTEM32\UIAutomationCore.DLL
[0713/112543.367:ERROR:process_memory_win.cc(73)] ReadMemory at 0x7ffbfe770000 of 64 bytes failed: Only part of a ReadProcessMemory or WriteProcessMemory request was completed. (0x12B)
[0713/112543.367:WARNING:pe_image_reader.cc(340)] could not read dos header from C:\WINDOWS\SYSTEM32\WTSAPI32.dll
[0713/112543.367:ERROR:process_memory_win.cc(73)] ReadMemory at 0x7ffbf6b80000 of 64 bytes failed: Only part of a ReadProcessMemory or WriteProcessMemory request was completed. (0x12B)
[0713/112543.367:WARNING:pe_image_reader.cc(340)] could not read dos header from C:\WINDOWS\SYSTEM32\DWrite.dll
[0713/112543.367:ERROR:process_memory_win.cc(73)] ReadMemory at 0x7ffbffd10000 of 64 bytes failed: Only part of a ReadProcessMemory or WriteProcessMemory request was completed. (0x12B)
[0713/112543.367:WARNING:pe_image_reader.cc(340)] could not read dos header from C:\WINDOWS\SYSTEM32\dxgi.dll
[0713/112543.367:ERROR:process_memory_win.cc(73)] ReadMemory at 0x7ffbf5d40000 of 64 bytes failed: Only part of a ReadProcessMemory or WriteProcessMemory request was completed. (0x12B)
[0713/112543.367:WARNING:pe_image_reader.cc(340)] could not read dos header from C:\WINDOWS\SYSTEM32\WINSPOOL.DRV
[0713/112543.367:ERROR:process_memory_win.cc(73)] ReadMemory at 0x7ffbf0b30000 of 64 bytes failed: Only part of a ReadProcessMemory or WriteProcessMemory request was completed. (0x12B)
[0713/112543.367:WARNING:pe_image_reader.cc(340)] could not read dos header from C:\WINDOWS\SYSTEM32\dbghelp.dll
[0713/112543.367:ERROR:process_memory_win.cc(73)] ReadMemory at 0x7ffbf6510000 of 64 bytes failed: Only part of a ReadProcessMemory or WriteProcessMemory request was completed. (0x12B)
[0713/112543.367:WARNING:pe_image_reader.cc(340)] could not read dos header from C:\WINDOWS\WinSxS\amd64_microsoft.windows.common-controls_6595b64144ccf1df_6.0.14393.953_none_42151e83c686086b\COMCTL32.dll
[0713/112543.368:ERROR:process_memory_win.cc(73)] ReadMemory at 0x7ffbec440000 of 64 bytes failed: Only part of a ReadProcessMemory or WriteProcessMemory request was completed. (0x12B)
[0713/112543.368:WARNING:pe_image_reader.cc(340)] could not read dos header from C:\WINDOWS\SYSTEM32\USP10.dll
[0713/112543.368:ERROR:process_memory_win.cc(73)] ReadMemory at 0x7ffbf3ce0000 of 64 bytes failed: Only part of a ReadProcessMemory or WriteProcessMemory request was completed. (0x12B)
[0713/112543.368:WARNING:pe_image_reader.cc(340)] could not read dos header from C:\WINDOWS\SYSTEM32\WINHTTP.dll
[0713/112543.368:ERROR:process_memory_win.cc(73)] ReadMemory at 0x7ffbf1360000 of 64 bytes failed: Only part of a ReadProcessMemory or WriteProcessMemory request was completed. (0x12B)
[0713/112543.368:WARNING:pe_image_reader.cc(340)] could not read dos header from C:\WINDOWS\SYSTEM32\urlmon.dll
[0713/112543.368:ERROR:process_memory_win.cc(73)] ReadMemory at 0x7ffbef500000 of 64 bytes failed: Only part of a ReadProcessMemory or WriteProcessMemory request was completed. (0x12B)
[0713/112543.368:WARNING:pe_image_reader.cc(340)] could not read dos header from C:\WINDOWS\SYSTEM32\Secur32.dll
[0713/112543.368:ERROR:process_memory_win.cc(73)] ReadMemory at 0x7ffbfa3c0000 of 64 bytes failed: Only part of a ReadProcessMemory or WriteProcessMemory request was completed. (0x12B)
[0713/112543.368:WARNING:pe_image_reader.cc(340)] could not read dos header from C:\WINDOWS\SYSTEM32\dhcpcsvc.DLL
[0713/112543.368:ERROR:process_memory_win.cc(73)] ReadMemory at 0x7ffc04200000 of 64 bytes failed: Only part of a ReadProcessMemory or WriteProcessMemory request was completed. (0x12B)
[0713/112543.368:WARNING:pe_image_reader.cc(340)] could not read dos header from C:\WINDOWS\System32\NSI.dll
[0713/112543.368:ERROR:process_memory_win.cc(73)] ReadMemory at 0x7ffc00cd0000 of 64 bytes failed: Only part of a ReadProcessMemory or WriteProcessMemory request was completed. (0x12B)
[0713/112543.368:WARNING:pe_image_reader.cc(340)] could not read dos header from C:\WINDOWS\SYSTEM32\bcrypt.dll
[0713/112543.368:ERROR:process_memory_win.cc(73)] ReadMemory at 0x7ffbf70d0000 of 64 bytes failed: Only part of a ReadProcessMemory or WriteProcessMemory request was completed. (0x12B)
[0713/112543.368:WARNING:pe_image_reader.cc(340)] could not read dos header from C:\WINDOWS\SYSTEM32\iertutil.dll
[0713/112543.368:ERROR:process_memory_win.cc(73)] ReadMemory at 0x7ffc009f0000 of 64 bytes failed: Only part of a ReadProcessMemory or WriteProcessMemory request was completed. (0x12B)
[0713/112543.368:WARNING:pe_image_reader.cc(340)] could not read dos header from C:\WINDOWS\SYSTEM32\SSPICLI.DLL
[0713/112543.368:ERROR:process_memory_win.cc(73)] ReadMemory at 0x1cafd960000 of 64 bytes failed: Only part of a ReadProcessMemory or WriteProcessMemory request was completed. (0x12B)
[0713/112543.368:WARNING:pe_image_reader.cc(340)] could not read dos header from C:\WINDOWS\System32\SETUPAPI.dll
[0713/112543.368:ERROR:process_memory_win.cc(73)] ReadMemory at 0x7ffbffa50000 of 64 bytes failed: Only part of a ReadProcessMemory or WriteProcessMemory request was completed. (0x12B)
[0713/112543.368:WARNING:pe_image_reader.cc(340)] could not read dos header from C:\WINDOWS\SYSTEM32\DEVOBJ.dll
[0713/112543.368:ERROR:process_memory_win.cc(73)] ReadMemory at 0x7ffbda270000 of 64 bytes failed: Only part of a ReadProcessMemory or WriteProcessMemory request was completed. (0x12B)
[0713/112543.368:WARNING:pe_image_reader.cc(340)] could not read dos header from C:\WINDOWS\SYSTEM32\mf.dll
[0713/112543.368:ERROR:process_memory_win.cc(73)] ReadMemory at 0x7ffbfbf10000 of 64 bytes failed: Only part of a ReadProcessMemory or WriteProcessMemory request was completed. (0x12B)
[0713/112543.368:WARNING:pe_image_reader.cc(340)] could not read dos header from C:\WINDOWS\SYSTEM32\MFPlat.DLL
[0713/112543.368:ERROR:process_memory_win.cc(73)] ReadMemory at 0x7ffbfc290000 of 64 bytes failed: Only part of a ReadProcessMemory or WriteProcessMemory request was completed. (0x12B)
[0713/112543.368:WARNING:pe_image_reader.cc(340)] could not read dos header from C:\WINDOWS\SYSTEM32\RTWorkQ.DLL
[0713/112543.368:ERROR:process_memory_win.cc(73)] ReadMemory at 0x7ffbd4e50000 of 64 bytes failed: Only part of a ReadProcessMemory or WriteProcessMemory request was completed. (0x12B)
[0713/112543.368:WARNING:pe_image_reader.cc(340)] could not read dos header from C:\WINDOWS\SYSTEM32\msmpeg2vdec.dll
[0713/112543.368:ERROR:process_memory_win.cc(73)] ReadMemory at 0x7ffbd9180000 of 64 bytes failed: Only part of a ReadProcessMemory or WriteProcessMemory request was completed. (0x12B)
[0713/112543.368:WARNING:pe_image_reader.cc(340)] could not read dos header from C:\WINDOWS\SYSTEM32\mfperfhelper.dll
[0713/112543.368:ERROR:process_memory_win.cc(73)] ReadMemory at 0x7ffc00800000 of 64 bytes failed: Only part of a ReadProcessMemory or WriteProcessMemory request was completed. (0x12B)
[0713/112543.368:WARNING:pe_image_reader.cc(340)] could not read dos header from C:\WINDOWS\SYSTEM32\cryptsp.dll
[0713/112543.368:ERROR:process_memory_win.cc(73)] ReadMemory at 0x7ffbf37a0000 of 64 bytes failed: Only part of a ReadProcessMemory or WriteProcessMemory request was completed. (0x12B)
[0713/112543.368:WARNING:pe_image_reader.cc(340)] could not read dos header from C:\WINDOWS\SYSTEM32\dxva2.dll
[0713/112543.368:ERROR:process_memory_win.cc(73)] ReadMemory at 0x7ffbdea40000 of 64 bytes failed: Only part of a ReadProcessMemory or WriteProcessMemory request was completed. (0x12B)
[0713/112543.368:WARNING:pe_image_reader.cc(340)] could not read dos header from C:\WINDOWS\SYSTEM32\msvproc.dll
[0713/112543.368:ERROR:process_memory_win.cc(73)] ReadMemory at 0x7ffbcd580000 of 64 bytes failed: Only part of a ReadProcessMemory or WriteProcessMemory request was completed. (0x12B)
[0713/112543.368:WARNING:pe_image_reader.cc(340)] could not read dos header from C:\WINDOWS\SYSTEM32\D3DCompiler_47.dll
[0713/112543.368:ERROR:process_memory_win.cc(73)] ReadMemory at 0x7ffbc4a70000 of 64 bytes failed: Only part of a ReadProcessMemory or WriteProcessMemory request was completed. (0x12B)
[0713/112543.368:WARNING:pe_image_reader.cc(340)] could not read dos header from C:\Program Files (x86)\Google\Chrome\Application\75.0.3770.100\libglesv2.dll
[0713/112543.368:ERROR:process_memory_win.cc(73)] ReadMemory at 0x7ffbd6870000 of 64 bytes failed: Only part of a ReadProcessMemory or WriteProcessMemory request was completed. (0x12B)
[0713/112543.368:WARNING:pe_image_reader.cc(340)] could not read dos header from C:\Program Files (x86)\Google\Chrome\Application\75.0.3770.100\libegl.dll
[0713/112543.368:ERROR:process_memory_win.cc(73)] ReadMemory at 0x7ffbfebf0000 of 64 bytes failed: Only part of a ReadProcessMemory or WriteProcessMemory request was completed. (0x12B)
[0713/112543.368:WARNING:pe_image_reader.cc(340)] could not read dos header from C:\WINDOWS\SYSTEM32\dwmapi.dll
[0713/112543.368:ERROR:process_memory_win.cc(73)] ReadMemory at 0x7ffbfda30000 of 64 bytes failed: Only part of a ReadProcessMemory or WriteProcessMemory request was completed. (0x12B)
[0713/112543.368:WARNING:pe_image_reader.cc(340)] could not read dos header from C:\WINDOWS\SYSTEM32\d3d11.dll
[0713/112543.369:ERROR:process_memory_win.cc(73)] ReadMemory at 0x7ffbfee80000 of 64 bytes failed: Only part of a ReadProcessMemory or WriteProcessMemory request was completed. (0x12B)
[0713/112543.369:WARNING:pe_image_reader.cc(340)] could not read dos header from C:\WINDOWS\SYSTEM32\dcomp.dll
[0713/112543.369:ERROR:process_memory_win.cc(73)] ReadMemory at 0x7ffbfc340000 of 64 bytes failed: Only part of a ReadProcessMemory or WriteProcessMemory request was completed. (0x12B)
[0713/112543.369:WARNING:pe_image_reader.cc(340)] could not read dos header from C:\WINDOWS\SYSTEM32\igd10iumd64.dll
[0713/112543.369:ERROR:process_memory_win.cc(73)] ReadMemory at 0x7ffc008d0000 of 64 bytes failed: Only part of a ReadProcessMemory or WriteProcessMemory request was completed. (0x12B)
[0713/112543.369:WARNING:pe_image_reader.cc(340)] could not read dos header from C:\WINDOWS\SYSTEM32\ncrypt.dll
[0713/112543.369:ERROR:process_memory_win.cc(73)] ReadMemory at 0x7ffc00890000 of 64 bytes failed: Only part of a ReadProcessMemory or WriteProcessMemory request was completed. (0x12B)
[0713/112543.369:WARNING:pe_image_reader.cc(340)] could not read dos header from C:\WINDOWS\SYSTEM32\NTASN1.dll
[0713/112543.369:ERROR:process_memory_win.cc(73)] ReadMemory at 0x7ffbfb4d0000 of 64 bytes failed: Only part of a ReadProcessMemory or WriteProcessMemory request was completed. (0x12B)
[0713/112543.369:WARNING:pe_image_reader.cc(340)] could not read dos header from C:\WINDOWS\SYSTEM32\igdusc64.dll
[0713/112543.369:ERROR:process_memory_win.cc(73)] ReadMemory at 0x7ffbc1de0000 of 64 bytes failed: Only part of a ReadProcessMemory or WriteProcessMemory request was completed. (0x12B)
[0713/112543.369:WARNING:pe_image_reader.cc(340)] could not read dos header from C:\WINDOWS\SYSTEM32\igd11dxva64.dll
[0713/112543.369:ERROR:process_memory_win.cc(73)] ReadMemory at 0x7ffc04880000 of 64 bytes failed: Only part of a ReadProcessMemory or WriteProcessMemory request was completed. (0x12B)
[0713/112543.369:WARNING:pe_image_reader.cc(340)] could not read dos header from C:\WINDOWS\System32\clbcatq.dll
[0713/112543.369:ERROR:process_memory_win.cc(73)] ReadMemory at 0x7ffbd4970000 of 64 bytes failed: Only part of a ReadProcessMemory or WriteProcessMemory request was completed. (0x12B)
[0713/112543.369:WARNING:pe_image_reader.cc(340)] could not read dos header from C:\Windows\System32\mfh264enc.dll
[0713/112543.369:ERROR:process_memory_win.cc(73)] ReadMemory at 0x7ffbff510000 of 64 bytes failed: Only part of a ReadProcessMemory or WriteProcessMemory request was completed. (0x12B)
[0713/112543.369:WARNING:pe_image_reader.cc(340)] could not read dos header from C:\WINDOWS\system32\uxtheme.dll
[0713/112543.369:ERROR:process_memory_win.cc(73)] ReadMemory at 0x7ffc02450000 of 64 bytes failed: Only part of a ReadProcessMemory or WriteProcessMemory request was completed. (0x12B)
[0713/112543.369:WARNING:pe_image_reader.cc(340)] could not read dos header from C:\WINDOWS\System32\MSCTF.dll
[0713/112543.414:ERROR:process_memory_win.cc(73)] ReadMemory at 0x61ea5f3000 of 53248 bytes failed: Only part of a ReadProcessMemory or WriteProcessMemory request was completed. (0x12B)
[0713/112543.415:ERROR:process_memory_win.cc(73)] ReadMemory at 0x61ea7fd000 of 12288 bytes failed: Only part of a ReadProcessMemory or WriteProcessMemory request was completed. (0x12B)
[0713/112543.415:ERROR:process_memory_win.cc(73)] ReadMemory at 0x61ea9fd000 of 12288 bytes failed: Only part of a ReadProcessMemory or WriteProcessMemory request was completed. (0x12B)
[0713/112543.415:ERROR:process_memory_win.cc(73)] ReadMemory at 0x61eabfd000 of 12288 bytes failed: Only part of a ReadProcessMemory or WriteProcessMemory request was completed. (0x12B)
[0713/112543.415:ERROR:process_memory_win.cc(73)] ReadMemory at 0x61eadfd000 of 12288 bytes failed: Only part of a ReadProcessMemory or WriteProcessMemory request was completed. (0x12B)
[0713/112543.415:ERROR:process_memory_win.cc(73)] ReadMemory at 0x61eaffc000 of 16384 bytes failed: Only part of a ReadProcessMemory or WriteProcessMemory request was completed. (0x12B)
[0713/112543.415:ERROR:process_memory_win.cc(73)] ReadMemory at 0x61eb1fe000 of 8192 bytes failed: Only part of a ReadProcessMemory or WriteProcessMemory request was completed. (0x12B)
[0713/112543.415:ERROR:process_memory_win.cc(73)] ReadMemory at 0x61eb3fb000 of 20480 bytes failed: Only part of a ReadProcessMemory or WriteProcessMemory request was completed. (0x12B)
[0713/112543.415:ERROR:process_memory_win.cc(73)] ReadMemory at 0x61ec9fd000 of 12288 bytes failed: Only part of a ReadProcessMemory or WriteProcessMemory request was completed. (0x12B)
[0713/112543.415:ERROR:process_memory_win.cc(73)] ReadMemory at 0x61eddfe000 of 8192 bytes failed: Only part of a ReadProcessMemory or WriteProcessMemory request was completed. (0x12B)
[0713/112543.416:ERROR:process_memory_win.cc(73)] ReadMemory at 0x61edfff000 of 4096 bytes failed: Only part of a ReadProcessMemory or WriteProcessMemory request was completed. (0x12B)
[0713/112543.416:ERROR:process_memory_win.cc(73)] ReadMemory at 0x61ee1f6000 of 40960 bytes failed: Only part of a ReadProcessMemory or WriteProcessMemory request was completed. (0x12B)
[0713/112543.416:ERROR:process_memory_win.cc(73)] ReadMemory at 0x61ee3fe000 of 8192 bytes failed: Only part of a ReadProcessMemory or WriteProcessMemory request was completed. (0x12B)
[0713/112543.416:ERROR:process_memory_win.cc(73)] ReadMemory at 0x61ee7fe000 of 8192 bytes failed: Only part of a ReadProcessMemory or WriteProcessMemory request was completed. (0x12B)
[0713/112543.416:ERROR:process_memory_win.cc(73)] ReadMemory at 0x61ee9fe000 of 8192 bytes failed: Only part of a ReadProcessMemory or WriteProcessMemory request was completed. (0x12B)
[0713/112543.416:ERROR:process_memory_win.cc(73)] ReadMemory at 0x61eebf6000 of 40960 bytes failed: Only part of a ReadProcessMemory or WriteProcessMemory request was completed. (0x12B)
[0713/112543.416:ERROR:process_memory_win.cc(73)] ReadMemory at 0x61eedfe000 of 8192 bytes failed: Only part of a ReadProcessMemory or WriteProcessMemory request was completed. (0x12B)
[0713/112543.416:ERROR:process_memory_win.cc(73)] ReadMemory at 0x61ef9fe000 of 8192 bytes failed: Only part of a ReadProcessMemory or WriteProcessMemory request was completed. (0x12B)
[0713/112543.416:ERROR:process_memory_win.cc(73)] ReadMemory at 0x61efbff000 of 4096 bytes failed: Only part of a ReadProcessMemory or WriteProcessMemory request was completed. (0x12B)
[0713/112543.416:ERROR:process_memory_win.cc(73)] ReadMemory at 0x61f03f9000 of 28672 bytes failed: Only part of a ReadProcessMemory or WriteProcessMemory request was completed. (0x12B)
[0713/112543.417:ERROR:process_memory_win.cc(73)] ReadMemory at 0x61f05ff000 of 4096 bytes failed: Only part of a ReadProcessMemory or WriteProcessMemory request was completed. (0x12B)
[0713/112543.417:ERROR:process_memory_win.cc(73)] ReadMemory at 0x61ea208000 of 852 bytes failed: Only part of a ReadProcessMemory or WriteProcessMemory request was completed. (0x12B)
[0713/112543.417:ERROR:process_memory_win.cc(73)] ReadMemory at 0x61ea209000 of 6024 bytes failed: Only part of a ReadProcessMemory or WriteProcessMemory request was completed. (0x12B)
[0713/112543.417:ERROR:process_memory_win.cc(73)] ReadMemory at 0x61ea20b000 of 6024 bytes failed: Only part of a ReadProcessMemory or WriteProcessMemory request was completed. (0x12B)
[0713/112543.417:ERROR:process_memory_win.cc(73)] ReadMemory at 0x61ea20d000 of 6024 bytes failed: Only part of a ReadProcessMemory or WriteProcessMemory request was completed. (0x12B)
[0713/112543.417:ERROR:process_memory_win.cc(73)] ReadMemory at 0x61ea20f000 of 6024 bytes failed: Only part of a ReadProcessMemory or WriteProcessMemory request was completed. (0x12B)
[0713/112543.417:ERROR:process_memory_win.cc(73)] ReadMemory at 0x61ea211000 of 6024 bytes failed: Only part of a ReadProcessMemory or WriteProcessMemory request was completed. (0x12B)
[0713/112543.417:ERROR:process_memory_win.cc(73)] ReadMemory at 0x61ea213000 of 6024 bytes failed: Only part of a ReadProcessMemory or WriteProcessMemory request was completed. (0x12B)
[0713/112543.417:ERROR:process_memory_win.cc(73)] ReadMemory at 0x61ea215000 of 6024 bytes failed: Only part of a ReadProcessMemory or WriteProcessMemory request was completed. (0x12B)
[0713/112543.417:ERROR:process_memory_win.cc(73)] ReadMemory at 0x61ea217000 of 6024 bytes failed: Only part of a ReadProcessMemory or WriteProcessMemory request was completed. (0x12B)
[0713/112543.417:ERROR:process_memory_win.cc(73)] ReadMemory at 0x61ea22d000 of 6024 bytes failed: Only part of a ReadProcessMemory or WriteProcessMemory request was completed. (0x12B)
[0713/112543.417:ERROR:process_memory_win.cc(73)] ReadMemory at 0x61ea241000 of 6024 bytes failed: Only part of a ReadProcessMemory or WriteProcessMemory request was completed. (0x12B)
[0713/112543.417:ERROR:process_memory_win.cc(73)] ReadMemory at 0x61ea243000 of 6024 bytes failed: Only part of a ReadProcessMemory or WriteProcessMemory request was completed. (0x12B)
[0713/112543.417:ERROR:process_memory_win.cc(73)] ReadMemory at 0x61ea245000 of 6024 bytes failed: Only part of a ReadProcessMemory or WriteProcessMemory request was completed. (0x12B)
[0713/112543.418:ERROR:process_memory_win.cc(73)] ReadMemory at 0x61ea247000 of 6024 bytes failed: Only part of a ReadProcessMemory or WriteProcessMemory request was completed. (0x12B)
[0713/112543.418:ERROR:process_memory_win.cc(73)] ReadMemory at 0x61ea24b000 of 6024 bytes failed: Only part of a ReadProcessMemory or WriteProcessMemory request was completed. (0x12B)
[0713/112543.418:ERROR:process_memory_win.cc(73)] ReadMemory at 0x61ea24d000 of 6024 bytes failed: Only part of a ReadProcessMemory or WriteProcessMemory request was completed. (0x12B)
[0713/112543.418:ERROR:process_memory_win.cc(73)] ReadMemory at 0x61ea24f000 of 6024 bytes failed: Only part of a ReadProcessMemory or WriteProcessMemory request was completed. (0x12B)
[0713/112543.418:ERROR:process_memory_win.cc(73)] ReadMemory at 0x61ea251000 of 6024 bytes failed: Only part of a ReadProcessMemory or WriteProcessMemory request was completed. (0x12B)
[0713/112543.418:ERROR:process_memory_win.cc(73)] ReadMemory at 0x61ea25d000 of 6024 bytes failed: Only part of a ReadProcessMemory or WriteProcessMemory request was completed. (0x12B)
[0713/112543.418:ERROR:process_memory_win.cc(73)] ReadMemory at 0x61ea25f000 of 6024 bytes failed: Only part of a ReadProcessMemory or WriteProcessMemory request was completed. (0x12B)
[0713/112543.418:ERROR:process_memory_win.cc(73)] ReadMemory at 0x61ea267000 of 6024 bytes failed: Only part of a ReadProcessMemory or WriteProcessMemory request was completed. (0x12B)
[0713/112543.418:ERROR:process_memory_win.cc(73)] ReadMemory at 0x61ea269000 of 6024 bytes failed: Only part of a ReadProcessMemory or WriteProcessMemory request was completed. (0x12B)
[0713/112543.418:ERROR:process_memory_win.cc(73)] ReadMemory at 0x1ca82014010 of 512 bytes failed: Only part of a ReadProcessMemory or WriteProcessMemory request was completed. (0x12B)
[0713/112543.418:ERROR:process_memory_win.cc(73)] ReadMemory at 0x1ca820337a0 of 512 bytes failed: Only part of a ReadProcessMemory or WriteProcessMemory request was completed. (0x12B)
[0713/112543.418:ERROR:process_memory_win.cc(73)] ReadMemory at 0x1ca8205b220 of 132 bytes failed: Only part of a ReadProcessMemory or WriteProcessMemory request was completed. (0x12B)
[0713/112543.418:ERROR:process_memory_win.cc(73)] ReadMemory at 0x1ca8206d250 of 62 bytes failed: Only part of a ReadProcessMemory or WriteProcessMemory request was completed. (0x12B)
[0713/112543.418:ERROR:process_memory_win.cc(73)] ReadMemory at 0x1ca82ca0660 of 512 bytes failed: Only part of a ReadProcessMemory or WriteProcessMemory request was completed. (0x12B)
[0713/112543.418:ERROR:process_memory_win.cc(73)] ReadMemory at 0x1ca82cdf510 of 512 bytes failed: Only part of a ReadProcessMemory or WriteProcessMemory request was completed. (0x12B)
[0713/112543.418:ERROR:process_memory_win.cc(73)] ReadMemory at 0x1ca82cdfb18 of 512 bytes failed: Only part of a ReadProcessMemory or WriteProcessMemory request was completed. (0x12B)
[0713/112543.419:ERROR:process_memory_win.cc(73)] ReadMemory at 0x1ca82ce0230 of 512 bytes failed: Only part of a ReadProcessMemory or WriteProcessMemory request was completed. (0x12B)
[0713/112543.419:ERROR:process_memory_win.cc(73)] ReadMemory at 0x1ca82cf1720 of 512 bytes failed: Only part of a ReadProcessMemory or WriteProcessMemory request was completed. (0x12B)
[0713/112543.419:ERROR:process_memory_win.cc(73)] ReadMemory at 0x1ca82cf1ac0 of 512 bytes failed: Only part of a ReadProcessMemory or WriteProcessMemory request was completed. (0x12B)
[0713/112543.419:ERROR:process_memory_win.cc(73)] ReadMemory at 0x1ca82cf2970 of 512 bytes failed: Only part of a ReadProcessMemory or WriteProcessMemory request was completed. (0x12B)
[0713/112543.419:ERROR:process_memory_win.cc(73)] ReadMemory at 0x1ca82cf3dc0 of 512 bytes failed: Only part of a ReadProcessMemory or WriteProcessMemory request was completed. (0x12B)
[0713/112543.419:ERROR:process_memory_win.cc(73)] ReadMemory at 0x1ca82cfef50 of 512 bytes failed: Only part of a ReadProcessMemory or WriteProcessMemory request was completed. (0x12B)
[0713/112543.419:ERROR:process_memory_win.cc(73)] ReadMemory at 0x1ca82cff2d0 of 512 bytes failed: Only part of a ReadProcessMemory or WriteProcessMemory request was completed. (0x12B)
[0713/112543.419:ERROR:process_memory_win.cc(73)] ReadMemory at 0x1ca82d01720 of 512 bytes failed: Only part of a ReadProcessMemory or WriteProcessMemory request was completed. (0x12B)
[0713/112543.419:ERROR:process_memory_win.cc(73)] ReadMemory at 0x1ca82d01aa0 of 512 bytes failed: Only part of a ReadProcessMemory or WriteProcessMemory request was completed. (0x12B)
[0713/112543.419:ERROR:process_memory_win.cc(73)] ReadMemory at 0x1ca82d0a3d0 of 512 bytes failed: Only part of a ReadProcessMemory or WriteProcessMemory request was completed. (0x12B)
[0713/112543.419:ERROR:process_memory_win.cc(73)] ReadMemory at 0x1ca82d1a4a0 of 512 bytes failed: Only part of a ReadProcessMemory or WriteProcessMemory request was completed. (0x12B)
[0713/112543.419:ERROR:process_memory_win.cc(73)] ReadMemory at 0x1ca82d2acf0 of 512 bytes failed: Only part of a ReadProcessMemory or WriteProcessMemory request was completed. (0x12B)
[0713/112543.419:ERROR:process_memory_win.cc(73)] ReadMemory at 0x1ca82d2b070 of 512 bytes failed: Only part of a ReadProcessMemory or WriteProcessMemory request was completed. (0x12B)
[0713/112543.419:ERROR:process_memory_win.cc(73)] ReadMemory at 0x1ca82d2c650 of 512 bytes failed: Only part of a ReadProcessMemory or WriteProcessMemory request was completed. (0x12B)
[0713/112543.419:ERROR:process_memory_win.cc(73)] ReadMemory at 0x1ca82d2c9d0 of 512 bytes failed: Only part of a ReadProcessMemory or WriteProcessMemory request was completed. (0x12B)
[0713/112543.419:ERROR:process_memory_win.cc(73)] ReadMemory at 0x1ca82d451c0 of 512 bytes failed: Only part of a ReadProcessMemory or WriteProcessMemory request was completed. (0x12B)
[0713/112543.419:ERROR:process_memory_win.cc(73)] ReadMemory at 0x1ca82d516b0 of 512 bytes failed: Only part of a ReadProcessMemory or WriteProcessMemory request was completed. (0x12B)
[0713/112543.419:ERROR:process_memory_win.cc(73)] ReadMemory at 0x1ca82dcbce0 of 512 bytes failed: Only part of a ReadProcessMemory or WriteProcessMemory request was completed. (0x12B)
[0713/112543.419:ERROR:process_memory_win.cc(73)] ReadMemory at 0x1ca82e4cce4 of 512 bytes failed: Only part of a ReadProcessMemory or WriteProcessMemory request was completed. (0x12B)
[0713/112543.419:ERROR:process_memory_win.cc(73)] ReadMemory at 0x1ca82e64d90 of 512 bytes failed: Only part of a ReadProcessMemory or WriteProcessMemory request was completed. (0x12B)
[0713/112543.419:ERROR:process_memory_win.cc(73)] ReadMemory at 0x1cafafa00d0 of 944 bytes failed: Only part of a ReadProcessMemory or WriteProcessMemory request was completed. (0x12B)
[0713/112543.419:ERROR:process_memory_win.cc(73)] ReadMemory at 0x1cafafa0730 of 80 bytes failed: Only part of a ReadProcessMemory or WriteProcessMemory request was completed. (0x12B)
[0713/112543.419:ERROR:process_memory_win.cc(73)] ReadMemory at 0x1cafafa0ae0 of 512 bytes failed: Only part of a ReadProcessMemory or WriteProcessMemory request was completed. (0x12B)
[0713/112543.440:ERROR:process_memory_win.cc(73)] ReadMemory at 0x1cafafa0dd0 of 4920 bytes failed: Only part of a ReadProcessMemory or WriteProcessMemory request was completed. (0x12B)
[0713/112543.440:ERROR:process_memory_win.cc(73)] ReadMemory at 0x1cafafa2110 of 1012 bytes failed: Only part of a ReadProcessMemory or WriteProcessMemory request was completed. (0x12B)
[0713/112543.440:ERROR:process_memory_win.cc(73)] ReadMemory at 0x1cafafa2728 of 118 bytes failed: Only part of a ReadProcessMemory or WriteProcessMemory request was completed. (0x12B)
[0713/112543.440:ERROR:process_memory_win.cc(73)] ReadMemory at 0x1cafafa27a0 of 1266 bytes failed: Only part of a ReadProcessMemory or WriteProcessMemory request was completed. (0x12B)
[0713/112543.440:ERROR:process_memory_win.cc(73)] ReadMemory at 0x1cafafa2c94 of 118 bytes failed: Only part of a ReadProcessMemory or WriteProcessMemory request was completed. (0x12B)
[0713/112543.440:ERROR:process_memory_win.cc(73)] ReadMemory at 0x1cafafa2d0c of 30 bytes failed: Only part of a ReadProcessMemory or WriteProcessMemory request was completed. (0x12B)
[0713/112543.440:ERROR:process_memory_win.cc(73)] ReadMemory at 0x1cafafa2d40 of 58 bytes failed: Only part of a ReadProcessMemory or WriteProcessMemory request was completed. (0x12B)
[0713/112543.440:ERROR:process_memory_win.cc(73)] ReadMemory at 0x1cafafa2e40 of 132 bytes failed: Only part of a ReadProcessMemory or WriteProcessMemory request was completed. (0x12B)
[0713/112543.440:ERROR:process_memory_win.cc(73)] ReadMemory at 0x1cafafa2fd0 of 132 bytes failed: Only part of a ReadProcessMemory or WriteProcessMemory request was completed. (0x12B)
[0713/112543.440:ERROR:process_memory_win.cc(73)] ReadMemory at 0x1cafafa3540 of 132 bytes failed: Only part of a ReadProcessMemory or WriteProcessMemory request was completed. (0x12B)
[0713/112543.440:ERROR:process_memory_win.cc(73)] ReadMemory at 0x1cafafa36d0 of 64 bytes failed: Only part of a ReadProcessMemory or WriteProcessMemory request was completed. (0x12B)
[0713/112543.440:ERROR:process_memory_win.cc(73)] ReadMemory at 0x1cafafa3a10 of 132 bytes failed: Only part of a ReadProcessMemory or WriteProcessMemory request was completed. (0x12B)
[0713/112543.440:ERROR:process_memory_win.cc(73)] ReadMemory at 0x1cafafa3ba0 of 68 bytes failed: Only part of a ReadProcessMemory or WriteProcessMemory request was completed. (0x12B)
[0713/112543.440:ERROR:process_memory_win.cc(73)] ReadMemory at 0x1cafafa4950 of 132 bytes failed: Only part of a ReadProcessMemory or WriteProcessMemory request was completed. (0x12B)
[0713/112543.440:ERROR:process_memory_win.cc(73)] ReadMemory at 0x1cafafa4b40 of 132 bytes failed: Only part of a ReadProcessMemory or WriteProcessMemory request was completed. (0x12B)
[0713/112543.440:ERROR:process_memory_win.cc(73)] ReadMemory at 0x1cafafa4cd0 of 62 bytes failed: Only part of a ReadProcessMemory or WriteProcessMemory request was completed. (0x12B)
[0713/112543.440:ERROR:process_memory_win.cc(73)] ReadMemory at 0x1cafafa5040 of 132 bytes failed: Only part of a ReadProcessMemory or WriteProcessMemory request was completed. (0x12B)
[0713/112543.441:ERROR:process_memory_win.cc(73)] ReadMemory at 0x1cafafa51d0 of 60 bytes failed: Only part of a ReadProcessMemory or WriteProcessMemory request was completed. (0x12B)
[0713/112543.441:ERROR:process_memory_win.cc(73)] ReadMemory at 0x1cafafa5220 of 158 bytes failed: Only part of a ReadProcessMemory or WriteProcessMemory request was completed. (0x12B)
[0713/112543.441:ERROR:process_memory_win.cc(73)] ReadMemory at 0x1cafafa53f0 of 132 bytes failed: Only part of a ReadProcessMemory or WriteProcessMemory request was completed. (0x12B)
[0713/112543.441:ERROR:process_memory_win.cc(73)] ReadMemory at 0x1cafafa5580 of 64 bytes failed: Only part of a ReadProcessMemory or WriteProcessMemory request was completed. (0x12B)
[0713/112543.441:ERROR:process_memory_win.cc(73)] ReadMemory at 0x1cafafa57d0 of 132 bytes failed: Only part of a ReadProcessMemory or WriteProcessMemory request was completed. (0x12B)
[0713/112543.441:ERROR:process_memory_win.cc(73)] ReadMemory at 0x1cafafa5960 of 78 bytes failed: Only part of a ReadProcessMemory or WriteProcessMemory request was completed. (0x12B)
[0713/112543.441:ERROR:process_memory_win.cc(73)] ReadMemory at 0x1cafafa5d30 of 132 bytes failed: Only part of a ReadProcessMemory or WriteProcessMemory request was completed. (0x12B)
[0713/112543.441:ERROR:process_memory_win.cc(73)] ReadMemory at 0x1cafafa5ec0 of 62 bytes failed: Only part of a ReadProcessMemory or WriteProcessMemory request was completed. (0x12B)
[0713/112543.441:ERROR:process_memory_win.cc(73)] ReadMemory at 0x1cafafa6170 of 132 bytes failed: Only part of a ReadProcessMemory or WriteProcessMemory request was completed. (0x12B)
[0713/112543.441:ERROR:process_memory_win.cc(73)] ReadMemory at 0x1cafafa6300 of 64 bytes failed: Only part of a ReadProcessMemory or WriteProcessMemory request was completed. (0x12B)
[0713/112543.441:ERROR:process_memory_win.cc(73)] ReadMemory at 0x1cafafa6350 of 146 bytes failed: Only part of a ReadProcessMemory or WriteProcessMemory request was completed. (0x12B)
[0713/112543.441:ERROR:process_memory_win.cc(73)] ReadMemory at 0x1cafafa6510 of 132 bytes failed: Only part of a ReadProcessMemory or WriteProcessMemory request was completed. (0x12B)
[0713/112543.441:ERROR:process_memory_win.cc(73)] ReadMemory at 0x1cafafa66a0 of 60 bytes failed: Only part of a ReadProcessMemory or WriteProcessMemory request was completed. (0x12B)
[0713/112543.441:ERROR:process_memory_win.cc(73)] ReadMemory at 0x1cafafa68d0 of 132 bytes failed: Only part of a ReadProcessMemory or WriteProcessMemory request was completed. (0x12B)
[0713/112543.441:ERROR:process_memory_win.cc(73)] ReadMemory at 0x1cafafa9010 of 132 bytes failed: Only part of a ReadProcessMemory or WriteProcessMemory request was completed. (0x12B)
[0713/112543.441:ERROR:process_memory_win.cc(73)] ReadMemory at 0x1cafafa92b0 of 72 bytes failed: Only part of a ReadProcessMemory or WriteProcessMemory request was completed. (0x12B)
[0713/112543.441:ERROR:process_memory_win.cc(73)] ReadMemory at 0x1cafafa95b0 of 76 bytes failed: Only part of a ReadProcessMemory or WriteProcessMemory request was completed. (0x12B)
[0713/112543.441:ERROR:process_memory_win.cc(73)] ReadMemory at 0x1cafafa9610 of 76 bytes failed: Only part of a ReadProcessMemory or WriteProcessMemory request was completed. (0x12B)
[0713/112543.441:ERROR:process_memory_win.cc(73)] ReadMemory at 0x1cafafa9d50 of 64 bytes failed: Only part of a ReadProcessMemory or WriteProcessMemory request was completed. (0x12B)
[0713/112543.441:ERROR:process_memory_win.cc(73)] ReadMemory at 0x1cafafaa390 of 132 bytes failed: Only part of a ReadProcessMemory or WriteProcessMemory request was completed. (0x12B)
[0713/112543.441:ERROR:process_memory_win.cc(73)] ReadMemory at 0x1cafafaa4c0 of 64 bytes failed: Only part of a ReadProcessMemory or WriteProcessMemory request was completed. (0x12B)
[0713/112543.441:ERROR:process_memory_win.cc(73)] ReadMemory at 0x1cafafaa6d0 of 132 bytes failed: Only part of a ReadProcessMemory or WriteProcessMemory request was completed. (0x12B)
[0713/112543.441:ERROR:process_memory_win.cc(73)] ReadMemory at 0x1cafafaa800 of 62 bytes failed: Only part of a ReadProcessMemory or WriteProcessMemory request was completed. (0x12B)
[0713/112543.441:ERROR:process_memory_win.cc(73)] ReadMemory at 0x1cafafaa9f0 of 132 bytes failed: Only part of a ReadProcessMemory or WriteProcessMemory request was completed. (0x12B)
[0713/112543.441:ERROR:process_memory_win.cc(73)] ReadMemory at 0x1cafafaab20 of 62 bytes failed: Only part of a ReadProcessMemory or WriteProcessMemory request was completed. (0x12B)
[0713/112543.442:ERROR:process_memory_win.cc(73)] ReadMemory at 0x1cafafaadf0 of 132 bytes failed: Only part of a ReadProcessMemory or WriteProcessMemory request was completed. (0x12B)
[0713/112543.442:ERROR:process_memory_win.cc(73)] ReadMemory at 0x1cafafaaf20 of 132 bytes failed: Only part of a ReadProcessMemory or WriteProcessMemory request was completed. (0x12B)
[0713/112543.442:ERROR:process_memory_win.cc(73)] ReadMemory at 0x1cafafab050 of 132 bytes failed: Only part of a ReadProcessMemory or WriteProcessMemory request was completed. (0x12B)
[0713/112543.442:ERROR:process_memory_win.cc(73)] ReadMemory at 0x1cafafab180 of 132 bytes failed: Only part of a ReadProcessMemory or WriteProcessMemory request was completed. (0x12B)
[0713/112543.442:ERROR:process_memory_win.cc(73)] ReadMemory at 0x1cafafab2b0 of 132 bytes failed: Only part of a ReadProcessMemory or WriteProcessMemory request was completed. (0x12B)
[0713/112543.442:ERROR:process_memory_win.cc(73)] ReadMemory at 0x1cafafab3e0 of 132 bytes failed: Only part of a ReadProcessMemory or WriteProcessMemory request was completed. (0x12B)
[0713/112543.442:ERROR:process_memory_win.cc(73)] ReadMemory at 0x1cafafab510 of 132 bytes failed: Only part of a ReadProcessMemory or WriteProcessMemory request was completed. (0x12B)
[0713/112543.442:ERROR:process_memory_win.cc(73)] ReadMemory at 0x1cafafab640 of 132 bytes failed: Only part of a ReadProcessMemory or WriteProcessMemory request was completed. (0x12B)
[0713/112543.442:ERROR:process_memory_win.cc(73)] ReadMemory at 0x1cafafab770 of 132 bytes failed: Only part of a ReadProcessMemory or WriteProcessMemory request was completed. (0x12B)
[0713/112543.442:ERROR:process_memory_win.cc(73)] ReadMemory at 0x1cafafab8a0 of 132 bytes failed: Only part of a ReadProcessMemory or WriteProcessMemory request was completed. (0x12B)
[0713/112543.442:ERROR:process_memory_win.cc(73)] ReadMemory at 0x1cafafab9d0 of 132 bytes failed: Only part of a ReadProcessMemory or WriteProcessMemory request was completed. (0x12B)
[0713/112543.442:ERROR:process_memory_win.cc(73)] ReadMemory at 0x1cafafabb00 of 132 bytes failed: Only part of a ReadProcessMemory or WriteProcessMemory request was completed. (0x12B)
[0713/112543.442:ERROR:process_memory_win.cc(73)] ReadMemory at 0x1cafafabc30 of 132 bytes failed: Only part of a ReadProcessMemory or WriteProcessMemory request was completed. (0x12B)
[0713/112543.442:ERROR:process_memory_win.cc(73)] ReadMemory at 0x1cafafabe50 of 62 bytes failed: Only part of a ReadProcessMemory or WriteProcessMemory request was completed. (0x12B)
[0713/112543.442:ERROR:process_memory_win.cc(73)] ReadMemory at 0x1cafafabea0 of 66 bytes failed: Only part of a ReadProcessMemory or WriteProcessMemory request was completed. (0x12B)
[0713/112543.442:ERROR:process_memory_win.cc(73)] ReadMemory at 0x1cafafabf90 of 62 bytes failed: Only part of a ReadProcessMemory or WriteProcessMemory request was completed. (0x12B)
[0713/112543.442:ERROR:process_memory_win.cc(73)] ReadMemory at 0x1cafafac0d0 of 60 bytes failed: Only part of a ReadProcessMemory or WriteProcessMemory request was completed. (0x12B)
[0713/112543.442:ERROR:process_memory_win.cc(73)] ReadMemory at 0x1cafafac120 of 58 bytes failed: Only part of a ReadProcessMemory or WriteProcessMemory request was completed. (0x12B)
[0713/112543.442:ERROR:process_memory_win.cc(73)] ReadMemory at 0x1cafafac1c0 of 60 bytes failed: Only part of a ReadProcessMemory or WriteProcessMemory request was completed. (0x12B)
[0713/112543.442:ERROR:process_memory_win.cc(73)] ReadMemory at 0x1cafafac3f0 of 62 bytes failed: Only part of a ReadProcessMemory or WriteProcessMemory request was completed. (0x12B)
[0713/112543.442:ERROR:process_memory_win.cc(73)] ReadMemory at 0x1cafafac440 of 66 bytes failed: Only part of a ReadProcessMemory or WriteProcessMemory request was completed. (0x12B)
[0713/112543.442:ERROR:process_memory_win.cc(73)] ReadMemory at 0x1cafafac490 of 66 bytes failed: Only part of a ReadProcessMemory or WriteProcessMemory request was completed. (0x12B)
[0713/112543.442:ERROR:process_memory_win.cc(73)] ReadMemory at 0x1cafafac4e0 of 58 bytes failed: Only part of a ReadProcessMemory or WriteProcessMemory request was completed. (0x12B)
[0713/112543.471:ERROR:process_memory_win.cc(73)] ReadMemory at 0x1cafafac530 of 60 bytes failed: Only part of a ReadProcessMemory or WriteProcessMemory request was completed. (0x12B)
[0713/112543.471:ERROR:process_memory_win.cc(73)] ReadMemory at 0x1cafafac9c0 of 246 bytes failed: Only part of a ReadProcessMemory or WriteProcessMemory request was completed. (0x12B)
[0713/112543.472:ERROR:process_memory_win.cc(73)] ReadMemory at 0x1cafafad9c0 of 154 bytes failed: Only part of a ReadProcessMemory or WriteProcessMemory request was completed. (0x12B)
[0713/112543.472:ERROR:process_memory_win.cc(73)] ReadMemory at 0x1cafafae4f0 of 512 bytes failed: Only part of a ReadProcessMemory or WriteProcessMemory request was completed. (0x12B)
[0713/112543.472:ERROR:process_memory_win.cc(73)] ReadMemory at 0x1cafafaf410 of 132 bytes failed: Only part of a ReadProcessMemory or WriteProcessMemory request was completed. (0x12B)
[0713/112543.472:ERROR:process_memory_win.cc(73)] ReadMemory at 0x1cafafaf540 of 132 bytes failed: Only part of a ReadProcessMemory or WriteProcessMemory request was completed. (0x12B)
[0713/112543.472:ERROR:process_memory_win.cc(73)] ReadMemory at 0x1cafafaf670 of 132 bytes failed: Only part of a ReadProcessMemory or WriteProcessMemory request was completed. (0x12B)
[0713/112543.472:ERROR:process_memory_win.cc(73)] ReadMemory at 0x1cafafaf7a0 of 132 bytes failed: Only part of a ReadProcessMemory or WriteProcessMemory request was completed. (0x12B)
[0713/112543.472:ERROR:process_memory_win.cc(73)] ReadMemory at 0x1cafafaf8d0 of 132 bytes failed: Only part of a ReadProcessMemory or WriteProcessMemory request was completed. (0x12B)
[0713/112543.472:ERROR:process_memory_win.cc(73)] ReadMemory at 0x1cafafafa00 of 132 bytes failed: Only part of a ReadProcessMemory or WriteProcessMemory request was completed. (0x12B)
[0713/112543.472:ERROR:process_memory_win.cc(73)] ReadMemory at 0x1cafafafb30 of 132 bytes failed: Only part of a ReadProcessMemory or WriteProcessMemory request was completed. (0x12B)
[0713/112543.472:ERROR:process_memory_win.cc(73)] ReadMemory at 0x1cafafafc60 of 132 bytes failed: Only part of a ReadProcessMemory or WriteProcessMemory request was completed. (0x12B)
[0713/112543.472:ERROR:process_memory_win.cc(73)] ReadMemory at 0x1cafafafd90 of 132 bytes failed: Only part of a ReadProcessMemory or WriteProcessMemory request was completed. (0x12B)
[0713/112543.472:ERROR:process_memory_win.cc(73)] ReadMemory at 0x1cafafafec0 of 132 bytes failed: Only part of a ReadProcessMemory or WriteProcessMemory request was completed. (0x12B)
[0713/112543.472:ERROR:process_memory_win.cc(73)] ReadMemory at 0x1cafafafff0 of 132 bytes failed: Only part of a ReadProcessMemory or WriteProcessMemory request was completed. (0x12B)
[0713/112543.472:ERROR:process_memory_win.cc(73)] ReadMemory at 0x1cafafb0120 of 132 bytes failed: Only part of a ReadProcessMemory or WriteProcessMemory request was completed. (0x12B)
[0713/112543.472:ERROR:process_memory_win.cc(73)] ReadMemory at 0x1cafafb0250 of 132 bytes failed: Only part of a ReadProcessMemory or WriteProcessMemory request was completed. (0x12B)
[0713/112543.472:ERROR:process_memory_win.cc(73)] ReadMemory at 0x1cafafb0380 of 132 bytes failed: Only part of a ReadProcessMemory or WriteProcessMemory request was completed. (0x12B)
[0713/112543.472:ERROR:process_memory_win.cc(73)] ReadMemory at 0x1cafafb04b0 of 132 bytes failed: Only part of a ReadProcessMemory or WriteProcessMemory request was completed. (0x12B)
[0713/112543.472:ERROR:process_memory_win.cc(73)] ReadMemory at 0x1cafafb05e0 of 132 bytes failed: Only part of a ReadProcessMemory or WriteProcessMemory request was completed. (0x12B)
[0713/112543.472:ERROR:process_memory_win.cc(73)] ReadMemory at 0x1cafafb0710 of 132 bytes failed: Only part of a ReadProcessMemory or WriteProcessMemory request was completed. (0x12B)
[0713/112543.472:ERROR:process_memory_win.cc(73)] ReadMemory at 0x1cafafb0840 of 132 bytes failed: Only part of a ReadProcessMemory or WriteProcessMemory request was completed. (0x12B)
[0713/112543.472:ERROR:process_memory_win.cc(73)] ReadMemory at 0x1cafafb0970 of 132 bytes failed: Only part of a ReadProcessMemory or WriteProcessMemory request was completed. (0x12B)
[0713/112543.472:ERROR:process_memory_win.cc(73)] ReadMemory at 0x1cafafb0aa0 of 132 bytes failed: Only part of a ReadProcessMemory or WriteProcessMemory request was completed. (0x12B)
[0713/112543.472:ERROR:process_memory_win.cc(73)] ReadMemory at 0x1cafafb0bd0 of 132 bytes failed: Only part of a ReadProcessMemory or WriteProcessMemory request was completed. (0x12B)
[0713/112543.472:ERROR:process_memory_win.cc(73)] ReadMemory at 0x1cafafb0d00 of 132 bytes failed: Only part of a ReadProcessMemory or WriteProcessMemory request was completed. (0x12B)
[0713/112543.472:ERROR:process_memory_win.cc(73)] ReadMemory at 0x1cafafb0e30 of 132 bytes failed: Only part of a ReadProcessMemory or WriteProcessMemory request was completed. (0x12B)
[0713/112543.472:ERROR:process_memory_win.cc(73)] ReadMemory at 0x1cafafb0f60 of 132 bytes failed: Only part of a ReadProcessMemory or WriteProcessMemory request was completed. (0x12B)
[0713/112543.473:ERROR:process_memory_win.cc(73)] ReadMemory at 0x1cafafb1090 of 132 bytes failed: Only part of a ReadProcessMemory or WriteProcessMemory request was completed. (0x12B)
[0713/112543.503:ERROR:process_memory_win.cc(73)] ReadMemory at 0x1cafafb11c0 of 132 bytes failed: Only part of a ReadProcessMemory or WriteProcessMemory request was completed. (0x12B)
[0713/112543.503:ERROR:process_memory_win.cc(73)] ReadMemory at 0x1cafafb2200 of 80 bytes failed: Only part of a ReadProcessMemory or WriteProcessMemory request was completed. (0x12B)
[0713/112543.503:ERROR:process_memory_win.cc(73)] ReadMemory at 0x1cafafb7430 of 56 bytes failed: Only part of a ReadProcessMemory or WriteProcessMemory request was completed. (0x12B)
[0713/112543.503:ERROR:process_memory_win.cc(73)] ReadMemory at 0x1cafafb7520 of 58 bytes failed: Only part of a ReadProcessMemory or WriteProcessMemory request was completed. (0x12B)
[0713/112543.503:ERROR:process_memory_win.cc(73)] ReadMemory at 0x1cafafb7750 of 62 bytes failed: Only part of a ReadProcessMemory or WriteProcessMemory request was completed. (0x12B)
[0713/112543.503:ERROR:process_memory_win.cc(73)] ReadMemory at 0x1cafafb77a0 of 62 bytes failed: Only part of a ReadProcessMemory or WriteProcessMemory request was completed. (0x12B)
[0713/112543.503:ERROR:process_memory_win.cc(73)] ReadMemory at 0x1cafafb7890 of 60 bytes failed: Only part of a ReadProcessMemory or WriteProcessMemory request was completed. (0x12B)
[0713/112543.503:ERROR:process_memory_win.cc(73)] ReadMemory at 0x1cafafb78e0 of 60 bytes failed: Only part of a ReadProcessMemory or WriteProcessMemory request was completed. (0x12B)
[0713/112543.503:ERROR:process_memory_win.cc(73)] ReadMemory at 0x1cafafb79d0 of 60 bytes failed: Only part of a ReadProcessMemory or WriteProcessMemory request was completed. (0x12B)
[0713/112543.504:ERROR:process_memory_win.cc(73)] ReadMemory at 0x1cafafb7a20 of 64 bytes failed: Only part of a ReadProcessMemory or WriteProcessMemory request was completed. (0x12B)
[0713/112543.504:ERROR:process_memory_win.cc(73)] ReadMemory at 0x1cafafb7ac0 of 64 bytes failed: Only part of a ReadProcessMemory or WriteProcessMemory request was completed. (0x12B)
[0713/112543.504:ERROR:process_memory_win.cc(73)] ReadMemory at 0x1cafafb7b10 of 62 bytes failed: Only part of a ReadProcessMemory or WriteProcessMemory request was completed. (0x12B)
[0713/112543.504:ERROR:process_memory_win.cc(73)] ReadMemory at 0x1cafafb7ca0 of 66 bytes failed: Only part of a ReadProcessMemory or WriteProcessMemory request was completed. (0x12B)
[0713/112543.504:ERROR:process_memory_win.cc(73)] ReadMemory at 0x1cafafb7cf0 of 64 bytes failed: Only part of a ReadProcessMemory or WriteProcessMemory request was completed. (0x12B)
[0713/112543.504:ERROR:process_memory_win.cc(73)] ReadMemory at 0x1cafafb7d40 of 58 bytes failed: Only part of a ReadProcessMemory or WriteProcessMemory request was completed. (0x12B)
[0713/112543.504:ERROR:process_memory_win.cc(73)] ReadMemory at 0x1cafafb7e30 of 60 bytes failed: Only part of a ReadProcessMemory or WriteProcessMemory request was completed. (0x12B)
[0713/112543.504:ERROR:process_memory_win.cc(73)] ReadMemory at 0x1cafafb7e80 of 64 bytes failed: Only part of a ReadProcessMemory or WriteProcessMemory request was completed. (0x12B)
[0713/112543.504:ERROR:process_memory_win.cc(73)] ReadMemory at 0x1cafafb8010 of 60 bytes failed: Only part of a ReadProcessMemory or WriteProcessMemory request was completed. (0x12B)
[0713/112543.504:ERROR:process_memory_win.cc(73)] ReadMemory at 0x1cafafb8060 of 64 bytes failed: Only part of a ReadProcessMemory or WriteProcessMemory request was completed. (0x12B)
[0713/112543.504:ERROR:process_memory_win.cc(73)] ReadMemory at 0x1cafafb80b0 of 60 bytes failed: Only part of a ReadProcessMemory or WriteProcessMemory request was completed. (0x12B)
[0713/112543.504:ERROR:process_memory_win.cc(73)] ReadMemory at 0x1cafafb8100 of 64 bytes failed: Only part of a ReadProcessMemory or WriteProcessMemory request was completed. (0x12B)
[0713/112543.504:ERROR:process_memory_win.cc(73)] ReadMemory at 0x1cafafb81a0 of 58 bytes failed: Only part of a ReadProcessMemory or WriteProcessMemory request was completed. (0x12B)
[0713/112543.504:ERROR:process_memory_win.cc(73)] ReadMemory at 0x1cafafb8290 of 64 bytes failed: Only part of a ReadProcessMemory or WriteProcessMemory request was completed. (0x12B)
[0713/112543.504:ERROR:process_memory_win.cc(73)] ReadMemory at 0x1cafafb82e0 of 62 bytes failed: Only part of a ReadProcessMemory or WriteProcessMemory request was completed. (0x12B)
[0713/112543.504:ERROR:process_memory_win.cc(73)] ReadMemory at 0x1cafafb8380 of 64 bytes failed: Only part of a ReadProcessMemory or WriteProcessMemory request was completed. (0x12B)
[0713/112543.504:ERROR:process_memory_win.cc(73)] ReadMemory at 0x1cafafbab20 of 54 bytes failed: Only part of a ReadProcessMemory or WriteProcessMemory request was completed. (0x12B)
[0713/112543.504:ERROR:process_memory_win.cc(73)] ReadMemory at 0x1cafafbf690 of 132 bytes failed: Only part of a ReadProcessMemory or WriteProcessMemory request was completed. (0x12B)
[0713/112543.504:ERROR:process_memory_win.cc(73)] ReadMemory at 0x1cafafbf7c0 of 132 bytes failed: Only part of a ReadProcessMemory or WriteProcessMemory request was completed. (0x12B)
[0713/112543.504:ERROR:process_memory_win.cc(73)] ReadMemory at 0x1cafafbf8f0 of 132 bytes failed: Only part of a ReadProcessMemory or WriteProcessMemory request was completed. (0x12B)
[0713/112543.504:ERROR:process_memory_win.cc(73)] ReadMemory at 0x1cafafbfa20 of 132 bytes failed: Only part of a ReadProcessMemory or WriteProcessMemory request was completed. (0x12B)
[0713/112543.504:ERROR:process_memory_win.cc(73)] ReadMemory at 0x1cafafbfdb0 of 132 bytes failed: Only part of a ReadProcessMemory or WriteProcessMemory request was completed. (0x12B)
[0713/112543.504:ERROR:process_memory_win.cc(73)] ReadMemory at 0x1cafafbfee0 of 132 bytes failed: Only part of a ReadProcessMemory or WriteProcessMemory request was completed. (0x12B)
[0713/112543.504:ERROR:process_memory_win.cc(73)] ReadMemory at 0x1cafafc0010 of 132 bytes failed: Only part of a ReadProcessMemory or WriteProcessMemory request was completed. (0x12B)
[0713/112543.504:ERROR:process_memory_win.cc(73)] ReadMemory at 0x1cafafc0140 of 132 bytes failed: Only part of a ReadProcessMemory or WriteProcessMemory request was completed. (0x12B)
[0713/112543.504:ERROR:process_memory_win.cc(73)] ReadMemory at 0x1cafafc0270 of 132 bytes failed: Only part of a ReadProcessMemory or WriteProcessMemory request was completed. (0x12B)
[0713/112543.504:ERROR:process_memory_win.cc(73)] ReadMemory at 0x1cafafc03a0 of 132 bytes failed: Only part of a ReadProcessMemory or WriteProcessMemory request was completed. (0x12B)
[0713/112543.505:ERROR:process_memory_win.cc(73)] ReadMemory at 0x1cafafc04d0 of 132 bytes failed: Only part of a ReadProcessMemory or WriteProcessMemory request was completed. (0x12B)
[0713/112543.505:ERROR:process_memory_win.cc(73)] ReadMemory at 0x1cafafc0600 of 132 bytes failed: Only part of a ReadProcessMemory or WriteProcessMemory request was completed. (0x12B)
[0713/112543.505:ERROR:process_memory_win.cc(73)] ReadMemory at 0x1cafafc0730 of 132 bytes failed: Only part of a ReadProcessMemory or WriteProcessMemory request was completed. (0x12B)
[0713/112543.505:ERROR:process_memory_win.cc(73)] ReadMemory at 0x1cafafc0860 of 132 bytes failed: Only part of a ReadProcessMemory or WriteProcessMemory request was completed. (0x12B)
[0713/112543.505:ERROR:process_memory_win.cc(73)] ReadMemory at 0x1cafafc0990 of 132 bytes failed: Only part of a ReadProcessMemory or WriteProcessMemory request was completed. (0x12B)
[0713/112543.505:ERROR:process_memory_win.cc(73)] ReadMemory at 0x1cafafc0ac0 of 132 bytes failed: Only part of a ReadProcessMemory or WriteProcessMemory request was completed. (0x12B)
[0713/112543.505:ERROR:process_memory_win.cc(73)] ReadMemory at 0x1cafafc0bf0 of 132 bytes failed: Only part of a ReadProcessMemory or WriteProcessMemory request was completed. (0x12B)
[0713/112543.505:ERROR:process_memory_win.cc(73)] ReadMemory at 0x1cafafc0d20 of 132 bytes failed: Only part of a ReadProcessMemory or WriteProcessMemory request was completed. (0x12B)
[0713/112543.505:ERROR:process_memory_win.cc(73)] ReadMemory at 0x1cafafc0e50 of 132 bytes failed: Only part of a ReadProcessMemory or WriteProcessMemory request was completed. (0x12B)
[0713/112543.505:ERROR:process_memory_win.cc(73)] ReadMemory at 0x1cafafc0f80 of 132 bytes failed: Only part of a ReadProcessMemory or WriteProcessMemory request was completed. (0x12B)
[0713/112543.505:ERROR:process_memory_win.cc(73)] ReadMemory at 0x1cafafc10b0 of 132 bytes failed: Only part of a ReadProcessMemory or WriteProcessMemory request was completed. (0x12B)
[0713/112543.505:ERROR:process_memory_win.cc(73)] ReadMemory at 0x1cafafc11e0 of 132 bytes failed: Only part of a ReadProcessMemory or WriteProcessMemory request was completed. (0x12B)
[0713/112543.505:ERROR:process_memory_win.cc(73)] ReadMemory at 0x1cafafc1310 of 132 bytes failed: Only part of a ReadProcessMemory or WriteProcessMemory request was completed. (0x12B)
[0713/112543.505:ERROR:process_memory_win.cc(73)] ReadMemory at 0x1cafafc1440 of 132 bytes failed: Only part of a ReadProcessMemory or WriteProcessMemory request was completed. (0x12B)
[0713/112543.505:ERROR:process_memory_win.cc(73)] ReadMemory at 0x1cafafc1aa0 of 60 bytes failed: Only part of a ReadProcessMemory or WriteProcessMemory request was completed. (0x12B)
[0713/112543.505:ERROR:process_memory_win.cc(73)] ReadMemory at 0x1cafafc1d20 of 62 bytes failed: Only part of a ReadProcessMemory or WriteProcessMemory request was completed. (0x12B)
[0713/112543.505:ERROR:process_memory_win.cc(73)] ReadMemory at 0x1cafafc1d70 of 64 bytes failed: Only part of a ReadProcessMemory or WriteProcessMemory request was completed. (0x12B)
[0713/112543.505:ERROR:process_memory_win.cc(73)] ReadMemory at 0x1cafafc1f50 of 62 bytes failed: Only part of a ReadProcessMemory or WriteProcessMemory request was completed. (0x12B)
[0713/112543.505:ERROR:process_memory_win.cc(73)] ReadMemory at 0x1cafafc2860 of 60 bytes failed: Only part of a ReadProcessMemory or WriteProcessMemory request was completed. (0x12B)
[0713/112543.505:ERROR:process_memory_win.cc(73)] ReadMemory at 0x1cafafe1510 of 52 bytes failed: Only part of a ReadProcessMemory or WriteProcessMemory request was completed. (0x12B)
[0713/112543.505:ERROR:process_memory_win.cc(73)] ReadMemory at 0x1cafafe4560 of 58 bytes failed: Only part of a ReadProcessMemory or WriteProcessMemory request was completed. (0x12B)
[0713/112543.505:ERROR:process_memory_win.cc(73)] ReadMemory at 0x1cafafe45b0 of 58 bytes failed: Only part of a ReadProcessMemory or WriteProcessMemory request was completed. (0x12B)
[0713/112543.505:ERROR:process_memory_win.cc(73)] ReadMemory at 0x1cafafe46f0 of 60 bytes failed: Only part of a ReadProcessMemory or WriteProcessMemory request was completed. (0x12B)
[0713/112543.505:ERROR:process_memory_win.cc(73)] ReadMemory at 0x1cafafe4790 of 70 bytes failed: Only part of a ReadProcessMemory or WriteProcessMemory request was completed. (0x12B)
[0713/112543.505:ERROR:process_memory_win.cc(73)] ReadMemory at 0x1cafafe49c0 of 60 bytes failed: Only part of a ReadProcessMemory or WriteProcessMemory request was completed. (0x12B)
[0713/112543.505:ERROR:process_memory_win.cc(73)] ReadMemory at 0x1cafafe4e20 of 60 bytes failed: Only part of a ReadProcessMemory or WriteProcessMemory request was completed. (0x12B)
[0713/112543.506:ERROR:process_memory_win.cc(73)] ReadMemory at 0x1cafafe50f0 of 58 bytes failed: Only part of a ReadProcessMemory or WriteProcessMemory request was completed. (0x12B)
[0713/112543.506:ERROR:process_memory_win.cc(73)] ReadMemory at 0x1cafafe51e0 of 62 bytes failed: Only part of a ReadProcessMemory or WriteProcessMemory request was completed. (0x12B)
[0713/112543.506:ERROR:process_memory_win.cc(73)] ReadMemory at 0x1cafafe5280 of 62 bytes failed: Only part of a ReadProcessMemory or WriteProcessMemory request was completed. (0x12B)
[0713/112543.506:ERROR:process_memory_win.cc(73)] ReadMemory at 0x1cafafe53c0 of 70 bytes failed: Only part of a ReadProcessMemory or WriteProcessMemory request was completed. (0x12B)
[0713/112543.506:ERROR:process_memory_win.cc(73)] ReadMemory at 0x1cafafe8990 of 152 bytes failed: Only part of a ReadProcessMemory or WriteProcessMemory request was completed. (0x12B)
[0713/112543.506:ERROR:process_memory_win.cc(73)] ReadMemory at 0x1cafafe8a90 of 126 bytes failed: Only part of a ReadProcessMemory or WriteProcessMemory request was completed. (0x12B)
[0713/112543.506:ERROR:process_memory_win.cc(73)] ReadMemory at 0x1cafafff1d0 of 512 bytes failed: Only part of a ReadProcessMemory or WriteProcessMemory request was completed. (0x12B)
[0713/112543.506:ERROR:process_memory_win.cc(73)] ReadMemory at 0x1cafb006e38 of 512 bytes failed: Only part of a ReadProcessMemory or WriteProcessMemory request was completed. (0x12B)
[0713/112543.506:ERROR:process_memory_win.cc(73)] ReadMemory at 0x1cafb017780 of 512 bytes failed: Only part of a ReadProcessMemory or WriteProcessMemory request was completed. (0x12B)
[0713/112543.506:ERROR:process_memory_win.cc(73)] ReadMemory at 0x1cafb03a550 of 64 bytes failed: Only part of a ReadProcessMemory or WriteProcessMemory request was completed. (0x12B)
[0713/112543.506:ERROR:process_memory_win.cc(73)] ReadMemory at 0x1cafb061090 of 66 bytes failed: Only part of a ReadProcessMemory or WriteProcessMemory request was completed. (0x12B)
[0713/112543.506:ERROR:process_memory_win.cc(73)] ReadMemory at 0x1cafb0610e0 of 70 bytes failed: Only part of a ReadProcessMemory or WriteProcessMemory request was completed. (0x12B)
[0713/112543.506:ERROR:process_memory_win.cc(73)] ReadMemory at 0x1cafb0614a0 of 62 bytes failed: Only part of a ReadProcessMemory or WriteProcessMemory request was completed. (0x12B)
[0713/112543.506:ERROR:process_memory_win.cc(73)] ReadMemory at 0x1cafb096140 of 512 bytes failed: Only part of a ReadProcessMemory or WriteProcessMemory request was completed. (0x12B)
[0713/112543.506:ERROR:process_memory_win.cc(73)] ReadMemory at 0x1cafcaa9110 of 512 bytes failed: Only part of a ReadProcessMemory or WriteProcessMemory request was completed. (0x12B)
[0713/112543.506:ERROR:process_memory_win.cc(73)] ReadMemory at 0x1cafcaae4b0 of 512 bytes failed: Only part of a ReadProcessMemory or WriteProcessMemory request was completed. (0x12B)
[0713/112543.506:ERROR:process_memory_win.cc(73)] ReadMemory at 0x1cafcb2b800 of 512 bytes failed: Only part of a ReadProcessMemory or WriteProcessMemory request was completed. (0x12B)
[0713/112543.506:ERROR:process_memory_win.cc(73)] ReadMemory at 0x1cafcb30000 of 384 bytes failed: Only part of a ReadProcessMemory or WriteProcessMemory request was completed. (0x12B)
[0713/112543.506:ERROR:process_memory_win.cc(73)] ReadMemory at 0x1cafcb42f10 of 512 bytes failed: Only part of a ReadProcessMemory or WriteProcessMemory request was completed. (0x12B)
[0713/112543.506:ERROR:process_memory_win.cc(73)] ReadMemory at 0x1cafcb43790 of 512 bytes failed: Only part of a ReadProcessMemory or WriteProcessMemory request was completed. (0x12B)
[0713/112543.506:ERROR:process_memory_win.cc(73)] ReadMemory at 0x1cafcb62710 of 512 bytes failed: Only part of a ReadProcessMemory or WriteProcessMemory request was completed. (0x12B)
[0713/112543.506:ERROR:process_memory_win.cc(73)] ReadMemory at 0x1cafcb63520 of 512 bytes failed: Only part of a ReadProcessMemory or WriteProcessMemory request was completed. (0x12B)
[0713/112543.506:ERROR:process_memory_win.cc(73)] ReadMemory at 0x1cafcb792c8 of 512 bytes failed: Only part of a ReadProcessMemory or WriteProcessMemory request was completed. (0x12B)
[0713/112543.506:ERROR:process_memory_win.cc(73)] ReadMemory at 0x1cafcb87400 of 512 bytes failed: Only part of a ReadProcessMemory or WriteProcessMemory request was completed. (0x12B)
[0713/112543.506:ERROR:process_memory_win.cc(73)] ReadMemory at 0x1cafcb894c0 of 528 bytes failed: Only part of a ReadProcessMemory or WriteProcessMemory request was completed. (0x12B)
[0713/112543.506:ERROR:process_memory_win.cc(73)] ReadMemory at 0x7ff7188a0000 of 504 bytes failed: Only part of a ReadProcessMemory or WriteProcessMemory request was completed. (0x12B)
[0713/112543.507:ERROR:process_memory_win.cc(73)] ReadMemory at 0x7ffbaa7d0000 of 384 bytes failed: Only part of a ReadProcessMemory or WriteProcessMemory request was completed. (0x12B)
[0713/112543.507:ERROR:process_memory_win.cc(73)] ReadMemory at 0x7ffbac73078c of 512 bytes failed: Only part of a ReadProcessMemory or WriteProcessMemory request was completed. (0x12B)
[0713/112543.507:ERROR:process_memory_win.cc(73)] ReadMemory at 0x7ffbacb1facb of 512 bytes failed: Only part of a ReadProcessMemory or WriteProcessMemory request was completed. (0x12B)
[0713/112543.507:ERROR:process_memory_win.cc(73)] ReadMemory at 0x7ffbaf5be768 of 512 bytes failed: Only part of a ReadProcessMemory or WriteProcessMemory request was completed. (0x12B)
[0713/112543.507:ERROR:process_memory_win.cc(73)] ReadMemory at 0x7ffbafd02708 of 656 bytes failed: Only part of a ReadProcessMemory or WriteProcessMemory request was completed. (0x12B)
[0713/112543.507:ERROR:process_memory_win.cc(73)] ReadMemory at 0x7ffbc4df4cec of 512 bytes failed: Only part of a ReadProcessMemory or WriteProcessMemory request was completed. (0x12B)
[0713/112543.507:ERROR:process_memory_win.cc(73)] ReadMemory at 0x7ffbd558978a of 512 bytes failed: Only part of a ReadProcessMemory or WriteProcessMemory request was completed. (0x12B)
[0713/112543.507:ERROR:process_memory_win.cc(73)] ReadMemory at 0x7ffbfb4d0000 of 384 bytes failed: Only part of a ReadProcessMemory or WriteProcessMemory request was completed. (0x12B)
[0713/112543.507:ERROR:process_memory_win.cc(73)] ReadMemory at 0x7ffc013416e8 of 512 bytes failed: Only part of a ReadProcessMemory or WriteProcessMemory request was completed. (0x12B)
[0713/112543.507:ERROR:process_memory_win.cc(73)] ReadMemory at 0x7ffc042f04a8 of 512 bytes failed: Only part of a ReadProcessMemory or WriteProcessMemory request was completed. (0x12B)
[0713/112543.507:ERROR:process_memory_win.cc(73)] ReadMemory at 0x7ffc04364220 of 512 bytes failed: Only part of a ReadProcessMemory or WriteProcessMemory request was completed. (0x12B)
[0713/112543.507:ERROR:process_memory_win.cc(73)] ReadMemory at 0x7ffc0497efa0 of 512 bytes failed: Only part of a ReadProcessMemory or WriteProcessMemory request was completed. (0x12B)
[0713/112543.507:ERROR:process_memory_win.cc(73)] ReadMemory at 0x7ffc049828e0 of 512 bytes failed: Only part of a ReadProcessMemory or WriteProcessMemory request was completed. (0x12B)
[0713/112543.507:ERROR:process_memory_win.cc(73)] ReadMemory at 0x7ffc04982d40 of 512 bytes failed: Only part of a ReadProcessMemory or WriteProcessMemory request was completed. (0x12B)
[0713/112543.507:ERROR:process_memory_win.cc(73)] ReadMemory at 0x7ffc049b7030 of 512 bytes failed: Only part of a ReadProcessMemory or WriteProcessMemory request was completed. (0x12B)
[0713/112543.507:ERROR:process_memory_win.cc(73)] ReadMemory at 0x7ffc049f60e4 of 672 bytes failed: Only part of a ReadProcessMemory or WriteProcessMemory request was completed. (0x12B)
[0713/112543.507:ERROR:process_memory_win.cc(73)] ReadMemory at 0x7ffc049f66e4 of 512 bytes failed: Only part of a ReadProcessMemory or WriteProcessMemory request was completed. (0x12B)
[0713/112543.507:ERROR:process_memory_win.cc(73)] ReadMemory at 0x7ffc049f6bb4 of 512 bytes failed: Only part of a ReadProcessMemory or WriteProcessMemory request was completed. (0x12B)
[0713/112543.507:ERROR:process_memory_win.cc(73)] ReadMemory at 0x7ffc049f7714 of 512 bytes failed: Only part of a ReadProcessMemory or WriteProcessMemory request was completed. (0x12B)
[0713/112543.507:ERROR:process_memory_win.cc(73)] ReadMemory at 0x7ffc049f97d4 of 608 bytes failed: Only part of a ReadProcessMemory or WriteProcessMemory request was completed. (0x12B)
[0713/112543.507:ERROR:process_memory_win.cc(73)] ReadMemory at 0x7ffc049fca0b of 512 bytes failed: Only part of a ReadProcessMemory or WriteProcessMemory request was completed. (0x12B)
[0713/112543.507:ERROR:process_memory_win.cc(73)] ReadMemory at 0x7ffc04a61540 of 512 bytes failed: Only part of a ReadProcessMemory or WriteProcessMemory request was completed. (0x12B)
[0713/112543.507:ERROR:process_memory_win.cc(73)] ReadMemory at 0x7ffc04a6b820 of 18 bytes failed: Only part of a ReadProcessMemory or WriteProcessMemory request was completed. (0x12B)
[0713/112543.507:ERROR:process_memory_win.cc(73)] ReadMemory at 0x7ffc04a9c568 of 40 bytes failed: Only part of a ReadProcessMemory or WriteProcessMemory request was completed. (0x12B)
[0713/112543.507:ERROR:process_memory_win.cc(73)] ReadMemory at 0x7ffc04a9c998 of 48 bytes failed: Only part of a ReadProcessMemory or WriteProcessMemory request was completed. (0x12B)
[0713/112543.507:ERROR:process_memory_win.cc(73)] ReadMemory at 0x7ffc04aa23a0 of 64 bytes failed: Only part of a ReadProcessMemory or WriteProcessMemory request was completed. (0x12B)
[0713/112543.508:ERROR:process_memory_win.cc(73)] ReadMemory at 0x7ffc04aa3310 of 512 bytes failed: Only part of a ReadProcessMemory or WriteProcessMemory request was completed. (0x12B)
[0713/112543.509:ERROR:scoped_process_suspend.cc(40)] NtResumeProcess: An attempt was made to access an exiting process. (0xc000010a)
